0 info it worked if it ends with ok
1 verbose cli [ 'node',
1 verbose cli   '/usr/local/bin/npm',
1 verbose cli   'install',
1 verbose cli   'git://https://github.com/zfan40/musicise.git' ]
2 info using npm@1.4.28
3 info using node@v0.10.35
4 verbose readDependencies using package.json deps
5 verbose cache add [ 'git://https://github.com/zfan40/musicise.git', null ]
6 verbose cache add name=undefined spec="git://https://github.com/zfan40/musicise.git" args=["git://https://github.com/zfan40/musicise.git",null]
7 verbose parsed url { protocol: 'git:',
7 verbose parsed url   slashes: true,
7 verbose parsed url   auth: null,
7 verbose parsed url   host: 'https',
7 verbose parsed url   port: null,
7 verbose parsed url   hostname: 'https',
7 verbose parsed url   hash: null,
7 verbose parsed url   search: null,
7 verbose parsed url   query: null,
7 verbose parsed url   pathname: '//github.com/zfan40/musicise.git',
7 verbose parsed url   path: '//github.com/zfan40/musicise.git',
7 verbose parsed url   href: 'git://https//github.com/zfan40/musicise.git' }
8 silly lockFile 40bd30eb-s-github-com-zfan40-musicise-git git://https://github.com/zfan40/musicise.git
9 verbose lock git://https://github.com/zfan40/musicise.git /Users/fanziwen/.npm/40bd30eb-s-github-com-zfan40-musicise-git.lock
10 verbose addRemoteGit [ 'git://https://github.com/zfan40/musicise.git', 'master' ]
11 error git clone git://https://github.com/zfan40/musicise.git Cloning into bare repository '/Users/fanziwen/.npm/_git-remotes/git-https-github-com-zfan40-musicise-git-40bd30eb'...
11 error git clone git://https://github.com/zfan40/musicise.git fatal: Unable to look up https (port <none>) (nodename nor servname provided, or not known)
12 silly lockFile 40bd30eb-s-github-com-zfan40-musicise-git git://https://github.com/zfan40/musicise.git
13 silly lockFile 40bd30eb-s-github-com-zfan40-musicise-git git://https://github.com/zfan40/musicise.git
14 error Error: Command failed: Cloning into bare repository '/Users/fanziwen/.npm/_git-remotes/git-https-github-com-zfan40-musicise-git-40bd30eb'...
14 error fatal: Unable to look up https (port <none>) (nodename nor servname provided, or not known)
14 error
14 error     at ChildProcess.exithandler (child_process.js:658:15)
14 error     at ChildProcess.emit (events.js:98:17)
14 error     at maybeClose (child_process.js:766:16)
14 error     at Socket.<anonymous> (child_process.js:979:11)
14 error     at Socket.emit (events.js:95:17)
14 error     at Pipe.close (net.js:466:12)
15 error If you need help, you may report this *entire* log,
15 error including the npm and node versions, at:
15 error     <http://github.com/npm/npm/issues>
16 error System Darwin 14.0.0
17 error command "node" "/usr/local/bin/npm" "install" "git://https://github.com/zfan40/musicise.git"
18 error cwd /Users/fanziwen/Desktop/musicise/example
19 error node -v v0.10.35
20 error npm -v 1.4.28
21 error code 128
22 verbose exit [ 1, true ]
