0 info it worked if it ends with ok
1 verbose cli [ 'node', '/usr/local/bin/npm', 'publish' ]
2 info using npm@1.4.28
3 info using node@v0.10.35
4 verbose publish [ '.' ]
5 verbose cache add [ '.', null ]
6 verbose cache add name=undefined spec="." args=[".",null]
7 verbose parsed url { protocol: null,
7 verbose parsed url   slashes: null,
7 verbose parsed url   auth: null,
7 verbose parsed url   host: null,
7 verbose parsed url   port: null,
7 verbose parsed url   hostname: null,
7 verbose parsed url   hash: null,
7 verbose parsed url   search: null,
7 verbose parsed url   query: null,
7 verbose parsed url   pathname: '.',
7 verbose parsed url   path: '.',
7 verbose parsed url   href: '.' }
8 silly lockFile 3a52ce78- .
9 verbose lock . /Users/fanziwen/.npm/3a52ce78-.lock
10 verbose tar pack [ '/Users/fanziwen/.npm/musicise/0.1.0/package.tgz', '.' ]
11 verbose tarball /Users/fanziwen/.npm/musicise/0.1.0/package.tgz
12 verbose folder .
13 info prepublish musicise@0.1.0
14 silly lockFile 1f1177db-tar tar://.
15 verbose lock tar://. /Users/fanziwen/.npm/1f1177db-tar.lock
16 silly lockFile 61017d42-n-npm-musicise-0-1-0-package-tgz tar:///Users/fanziwen/.npm/musicise/0.1.0/package.tgz
17 verbose lock tar:///Users/fanziwen/.npm/musicise/0.1.0/package.tgz /Users/fanziwen/.npm/61017d42-n-npm-musicise-0-1-0-package-tgz.lock
18 silly lockFile 1f1177db-tar tar://.
19 silly lockFile 1f1177db-tar tar://.
20 silly lockFile 61017d42-n-npm-musicise-0-1-0-package-tgz tar:///Users/fanziwen/.npm/musicise/0.1.0/package.tgz
21 silly lockFile 61017d42-n-npm-musicise-0-1-0-package-tgz tar:///Users/fanziwen/.npm/musicise/0.1.0/package.tgz
22 silly lockFile 07cf9508-ziwen-npm-musicise-0-1-0-package /Users/fanziwen/.npm/musicise/0.1.0/package
23 verbose lock /Users/fanziwen/.npm/musicise/0.1.0/package /Users/fanziwen/.npm/07cf9508-ziwen-npm-musicise-0-1-0-package.lock
24 silly lockFile 07cf9508-ziwen-npm-musicise-0-1-0-package /Users/fanziwen/.npm/musicise/0.1.0/package
25 silly lockFile 07cf9508-ziwen-npm-musicise-0-1-0-package /Users/fanziwen/.npm/musicise/0.1.0/package
26 silly lockFile 3a52ce78- .
27 silly lockFile 3a52ce78- .
28 silly publish { name: 'musicise',
28 silly publish   version: '0.1.0',
28 silly publish   description: 'motional music',
28 silly publish   main: 'index.js',
28 silly publish   scripts: { test: 'echo "Error: no test specified" && exit 1' },
28 silly publish   repository: { type: 'git', url: 'https://github.com/zfan40/musicise.git' },
28 silly publish   keywords: [ 'motion', 'music' ],
28 silly publish   author:
28 silly publish    { name: 'Ziwen Fan',
28 silly publish      email: 'fanatic224@gmail.com',
28 silly publish      url: 'http://www.zi-wen.com/' },
28 silly publish   license: 'MIT',
28 silly publish   bugs: { url: 'https://github.com/zfan40/musicise/issues' },
28 silly publish   homepage: 'https://github.com/zfan40/musicise',
28 silly publish   readme: 'musicise\n========\n\nUltimate goal: a library building bridge between motions to sounds\n\n!important: based on sensor feature, this works better on mobile, and of course it makes little sense to dance carrying a laptop or a PC\n## Installation\n\tnpm install musicise\n\n## Usage\n\n\tvar musicise = require(\'musicise\');\n\tmusicise.start();\n\tmusicise.on(\'newtempo\',function(tempo){\t\t\t//this detects a new stable tempo based on a period of time\n\t\tconsole.log(\'new tempo is \' + tempo);\n    });\n    setInterval(function(){console.log(musicise.getSteps());},1000);\t\t//this returns the accumulated steps instantly\n    musicise.stop();\n\n\n## Tests\n\tCurrently no test, it is a very basic and subjective computation. The algorithms will be enriched in the future.\n\tBut feel free to test physically, sorry I couldn\'t provide IRB approval or stipend for ya.\n\n## Release History\n\t* 0.1.0 Initial release, start,stop,getSteps, getTempo, event listening on(\'newtempo\')',
28 silly publish   readmeFilename: 'README.md',
28 silly publish   gitHead: '05e1bd5bc715506a5182f59fde3d4e320b1e3e63',
28 silly publish   _id: 'musicise@0.1.0',
28 silly publish   _shasum: '514bf9fc4cba742d86592c3df2fcb3dde79eb77e',
28 silly publish   _from: '.' }
29 verbose request where is /musicise
30 verbose request registry https://registry.npmjs.org/
31 verbose request id 9dcae8f66aa0ce43
32 verbose url raw /musicise
33 verbose url resolving [ 'https://registry.npmjs.org/', './musicise' ]
34 verbose url resolved https://registry.npmjs.org/musicise
35 verbose request where is https://registry.npmjs.org/musicise
36 info trying registry request attempt 1 at 01:19:50
37 http PUT https://registry.npmjs.org/musicise
38 http 403 https://registry.npmjs.org/musicise
39 verbose headers { date: 'Fri, 06 Mar 2015 06:19:51 GMT',
39 verbose headers   server: 'CouchDB/1.5.0 (Erlang OTP/R16B03)',
39 verbose headers   'content-type': 'application/json',
39 verbose headers   'cache-control': 'max-age=60',
39 verbose headers   'content-length': '3330',
39 verbose headers   'accept-ranges': 'bytes',
39 verbose headers   via: '1.1 varnish',
39 verbose headers   'x-served-by': 'cache-jfk1027-JFK',
39 verbose headers   'x-cache': 'MISS',
39 verbose headers   'x-cache-hits': '0',
39 verbose headers   'x-timer': 'S1425622790.756368,VS0,VE395',
39 verbose headers   'keep-alive': 'timeout=10, max=50',
39 verbose headers   connection: 'Keep-Alive' }
40 error publish Failed PUT 403
41 error Error: forbidden cannot modify pre-existing version: 0.1.0
41 error old={"name":"musicise","version":"0.1.0","description":"motional music","main":"index.js","scripts":{"test":"echo \"Error: no test specified\" && exit 1"},"repository":{"type":"git","url":"https://github.com/zfan40/musicise.git"},"keywords":["motion","music"],"author":{"name":"Ziwen Fan","email":"fanatic224@gmail.com","url":"http://www.zi-wen.com/"},"license":"MIT","bugs":{"url":"https://github.com/zfan40/musicise/issues"},"homepage":"https://github.com/zfan40/musicise","gitHead":"05e1bd5bc715506a5182f59fde3d4e320b1e3e63","_id":"musicise@0.1.0","_shasum":"4705f5a95f18b7d0501fb8c2be7989df1c26ca05","_from":".","_npmVersion":"1.4.28","_npmUser":{"name":"zfan40","email":"fanatic224@gmail.com"},"maintainers":[{"name":"zfan40","email":"fanatic224@gmail.com"}],"dist":{"shasum":"4705f5a95f18b7d0501fb8c2be7989df1c26ca05","tarball":"http://registry.npmjs.org/musicise/-/musicise-0.1.0.tgz"}}
41 error new={"name":"musicise","version":"0.1.0","description":"motional music","main":"index.js","scripts":{"test":"echo \"Error: no test specified\" && exit 1"},"repository":{"type":"git","url":"https://github.com/zfan40/musicise.git"},"keywords":["motion","music"],"author":{"name":"Ziwen Fan","email":"fanatic224@gmail.com","url":"http://www.zi-wen.com/"},"license":"MIT","bugs":{"url":"https://github.com/zfan40/musicise/issues"},"homepage":"https://github.com/zfan40/musicise","readme":"musicise\u000a========\u000a\u000aUltimate goal: a library building bridge between motions to sounds\u000a\u000a!important: based on sensor feature, this works better on mobile, and of course it makes little sense to dance carrying a laptop or a PC\u000a## Installation\u000a\u0009npm install musicise\u000a\u000a## Usage\u000a\u000a\u0009var musicise = require('musicise');\u000a\u0009musicise.start();\u000a\u0009musicise.on('newtempo',function(tempo){\u0009\u0009\u0009//this detects a new stable tempo based on a period of time\u000a\u0009\u0009console.log('new tempo is ' + tempo);\u000a    });\u000a    setInterval(function(){console.log(musicise.getSteps());},1000);\u0009\u0009//this returns the accumulated steps instantly\u000a    musicise.stop();\u000a\u000a\u000a## Tests\u000a\u0009Currently no test, it is a very basic and subjective computation. The algorithms will be enriched in the future.\u000a\u0009But feel free to test physically, sorry I couldn't provide IRB approval or stipend for ya.\u000a\u000a## Release History\u000a\u0009* 0.1.0 Initial release, start,stop,getSteps, getTempo, event listening on('newtempo')","readmeFilename":"README.md","gitHead":"05e1bd5bc715506a5182f59fde3d4e320b1e3e63","_id":"musicise@0.1.0","_shasum":"514bf9fc4cba742d86592c3df2fcb3dde79eb77e","_from":".","_npmVersion":"1.4.28","_npmUser":{"name":"zfan40","email":"fanatic224@gmail.com"},"maintainers":[{"name":"zfan40","email":"fanatic224@gmail.com"}],"dist":{"shasum":"514bf9fc4cba742d86592c3df2fcb3dde79eb77e","tarball":"http://registry.npmjs.org/musicise/-/musicise-0.1.0.tgz"}}: musicise
41 error     at RegClient.<anonymous> (/usr/local/lib/node_modules/npm/node_modules/npm-registry-client/lib/request.js:308:14)
41 error     at Request._callback (/usr/local/lib/node_modules/npm/node_modules/npm-registry-client/lib/request.js:246:65)
41 error     at Request.self.callback (/usr/local/lib/node_modules/npm/node_modules/request/request.js:236:22)
41 error     at Request.emit (events.js:98:17)
41 error     at Request.<anonymous> (/usr/local/lib/node_modules/npm/node_modules/request/request.js:1142:14)
41 error     at Request.emit (events.js:117:20)
41 error     at IncomingMessage.<anonymous> (/usr/local/lib/node_modules/npm/node_modules/request/request.js:1096:12)
41 error     at IncomingMessage.emit (events.js:117:20)
41 error     at _stream_readable.js:944:16
41 error     at process._tickCallback (node.js:442:13)
42 error If you need help, you may report this *entire* log,
42 error including the npm and node versions, at:
42 error     <http://github.com/npm/npm/issues>
43 error System Darwin 14.0.0
44 error command "node" "/usr/local/bin/npm" "publish"
45 error cwd /Users/fanziwen/Desktop/musicise
46 error node -v v0.10.35
47 error npm -v 1.4.28
48 verbose exit [ 1, true ]
